<?xml version="1.0" encoding="UTF-8"?>
<!-- Generated by org.testng.reporters.JUnitReportReporter -->
<testsuite hostname="DESKTOP-EFS8UAB" failures="0" tests="1" name="salesforce.testcases.Login" time="32.128" errors="0" timestamp="2025-03-01T16:33:16 IST" skipped="0">
  <testcase classname="salesforce.testcases.Login" name="runLogin" time="32.128"/>
</testsuite> <!-- salesforce.testcases.Login -->
